PREPARE
                                      QUERY PLAN                                       
---------------------------------------------------------------------------------------
 - Plan:                                                                              +
     Node Type: "Nested Loop"                                                         +
     Parallel Aware: false                                                            +
     Join Type: "Left"                                                                +
     Startup Cost: 506.44                                                             +
     Total Cost: 1141.82                                                              +
     Plan Rows: 75                                                                    +
     Plan Width: 327                                                                  +
     Actual Startup Time: 0.219                                                       +
     Actual Total Time: 25.933                                                        +
     Actual Rows: 207                                                                 +
     Actual Loops: 1                                                                  +
     Plans:                                                                           +
       - Node Type: "Nested Loop"                                                     +
         Parent Relationship: "InitPlan"                                              +
         Subplan Name: "CTE author_keys"                                              +
         Parallel Aware: false                                                        +
         Join Type: "Left"                                                            +
         Startup Cost: 0.99                                                           +
         Total Cost: 193.12                                                           +
         Plan Rows: 6                                                                 +
         Plan Width: 23                                                               +
         Actual Startup Time: 0.067                                                   +
         Actual Total Time: 2.011                                                     +
         Actual Rows: 71                                                              +
         Actual Loops: 1                                                              +
         Plans:                                                                       +
           - Node Type: "Index Scan"                                                  +
             Parent Relationship: "Outer"                                             +
             Parallel Aware: false                                                    +
             Scan Direction: "Forward"                                                +
             Index Name: "person_name_orcid"                                          +
             Relation Name: "person"                                                  +
             Alias: "person_1"                                                        +
             Startup Cost: 0.56                                                       +
             Total Cost: 8.57                                                         +
             Plan Rows: 1                                                             +
             Plan Width: 4                                                            +
             Actual Startup Time: 0.026                                               +
             Actual Total Time: 0.037                                                 +
             Actual Rows: 1                                                           +
             Actual Loops: 1                                                          +
             Index Cond: "(full_name = 'Krzysztof Diks'::text)"                       +
             Rows Removed by Index Recheck: 0                                         +
           - Node Type: "Index Scan"                                                  +
             Parent Relationship: "Inner"                                             +
             Parallel Aware: false                                                    +
             Scan Direction: "Forward"                                                +
             Index Name: "author_person_id"                                           +
             Relation Name: "author"                                                  +
             Alias: "author"                                                          +
             Startup Cost: 0.43                                                       +
             Total Cost: 184.10                                                       +
             Plan Rows: 45                                                            +
             Plan Width: 27                                                           +
             Actual Startup Time: 0.021                                               +
             Actual Total Time: 0.957                                                 +
             Actual Rows: 71                                                          +
             Actual Loops: 1                                                          +
             Index Cond: "(person_1.id = person_id)"                                  +
             Rows Removed by Index Recheck: 0                                         +
       - Node Type: "Nested Loop"                                                     +
         Parent Relationship: "InitPlan"                                              +
         Subplan Name: "CTE author_publications"                                      +
         Parallel Aware: false                                                        +
         Join Type: "Left"                                                            +
         Startup Cost: 0.56                                                           +
         Total Cost: 51.63                                                            +
         Plan Rows: 6                                                                 +
         Plan Width: 119                                                              +
         Actual Startup Time: 0.130                                                   +
         Actual Total Time: 7.154                                                     +
         Actual Rows: 71                                                              +
         Actual Loops: 1                                                              +
         Plans:                                                                       +
           - Node Type: "CTE Scan"                                                    +
             Parent Relationship: "Outer"                                             +
             Parallel Aware: false                                                    +
             CTE Name: "author_keys"                                                  +
             Alias: "author_keys"                                                     +
             Startup Cost: 0.00                                                       +
             Total Cost: 0.12                                                         +
             Plan Rows: 6                                                             +
             Plan Width: 178                                                          +
             Actual Startup Time: 0.079                                               +
             Actual Total Time: 2.941                                                 +
             Actual Rows: 71                                                          +
             Actual Loops: 1                                                          +
           - Node Type: "Index Scan"                                                  +
             Parent Relationship: "Inner"                                             +
             Parallel Aware: false                                                    +
             Scan Direction: "Forward"                                                +
             Index Name: "publication_pk"                                             +
             Relation Name: "publication"                                             +
             Alias: "publication"                                                     +
             Startup Cost: 0.56                                                       +
             Total Cost: 8.57                                                         +
             Plan Rows: 1                                                             +
             Plan Width: 119                                                          +
             Actual Startup Time: 0.024                                               +
             Actual Total Time: 0.031                                                 +
             Actual Rows: 1                                                           +
             Actual Loops: 71                                                         +
             Index Cond: "((key)::text = (author_keys.publication_key)::text)"        +
             Rows Removed by Index Recheck: 0                                         +
       - Node Type: "Nested Loop"                                                     +
         Parent Relationship: "InitPlan"                                              +
         Subplan Name: "CTE author_publications_with_coauthors"                       +
         Parallel Aware: false                                                        +
         Join Type: "Left"                                                            +
         Startup Cost: 0.56                                                           +
         Total Cost: 261.26                                                           +
         Plan Rows: 75                                                                +
         Plan Width: 399                                                              +
         Actual Startup Time: 0.179                                                   +
         Actual Total Time: 14.208                                                    +
         Actual Rows: 207                                                             +
         Actual Loops: 1                                                              +
         Plans:                                                                       +
           - Node Type: "CTE Scan"                                                    +
             Parent Relationship: "Outer"                                             +
             Parallel Aware: false                                                    +
             CTE Name: "author_publications"                                          +
             Alias: "author_publications"                                             +
             Startup Cost: 0.00                                                       +
             Total Cost: 0.12                                                         +
             Plan Rows: 6                                                             +
             Plan Width: 308                                                          +
             Actual Startup Time: 0.142                                               +
             Actual Total Time: 8.088                                                 +
             Actual Rows: 71                                                          +
             Actual Loops: 1                                                          +
           - Node Type: "Index Scan"                                                  +
             Parent Relationship: "Inner"                                             +
             Parallel Aware: false                                                    +
             Scan Direction: "Forward"                                                +
             Index Name: "author_publication_key"                                     +
             Relation Name: "author"                                                  +
             Alias: "author_1"                                                        +
             Startup Cost: 0.56                                                       +
             Total Cost: 43.39                                                        +
             Plan Rows: 13                                                            +
             Plan Width: 91                                                           +
             Actual Startup Time: 0.017                                               +
             Actual Total Time: 0.036                                                 +
             Actual Rows: 3                                                           +
             Actual Loops: 71                                                         +
             Index Cond: "((publication_key)::text = (author_publications.key)::text)"+
             Rows Removed by Index Recheck: 0                                         +
       - Node Type: "CTE Scan"                                                        +
         Parent Relationship: "Outer"                                                 +
         Parallel Aware: false                                                        +
         CTE Name: "author_publications_with_coauthors"                               +
         Alias: "author_publications_with_coauthors"                                  +
         Startup Cost: 0.00                                                           +
         Total Cost: 1.50                                                             +
         Plan Rows: 75                                                                +
         Plan Width: 312                                                              +
         Actual Startup Time: 0.191                                                   +
         Actual Total Time: 17.036                                                    +
         Actual Rows: 207                                                             +
         Actual Loops: 1                                                              +
       - Node Type: "Index Scan"                                                      +
         Parent Relationship: "Inner"                                                 +
         Parallel Aware: false                                                        +
         Scan Direction: "Forward"                                                    +
         Index Name: "person_pk"                                                      +
         Relation Name: "person"                                                      +
         Alias: "person"                                                              +
         Startup Cost: 0.43                                                           +
         Total Cost: 8.45                                                             +
         Plan Rows: 1                                                                 +
         Plan Width: 23                                                               +
         Actual Startup Time: 0.012                                                   +
         Actual Total Time: 0.018                                                     +
         Actual Rows: 1                                                               +
         Actual Loops: 207                                                            +
         Index Cond: "(id = author_publications_with_coauthors.person_id)"            +
         Rows Removed by Index Recheck: 0                                             +
   Triggers:                                                                          +
   Execution Time: 27.458
(1 row)
